[PREINITIALIZATION][SERVER][INFO] Thank you to the Patreon supporters below and others who make CraftTweaker possible!
Otakup0pe
Gildrag 09
Luckyclaw
DreamThorn
Robijnvogel
Quaternary
Jams
Jonathan McManus
Peregrinus11
Barrier
Ncc1702
Ivy_
Mouse
Genryu
Belathus
IDroid
Pongo Sapiens
NickT
Brønsted
Shotguun29
If you want to support the mod, checkout https://patreon.com/jaredlll08?s=crtmod

[PREINITIALIZATION][SERVER][INFO] Current loaders after merging: [[preinit]]
[PREINITIALIZATION][SERVER][INFO] Loading scripts for loader with names [preinit]
[PREINITIALIZATION][SERVER][INFO] [preinit | SIDE_SERVER]: Skipping file {[0:crafttweaker]: custom.zs} as we are currently loading with a different loader
[PREINITIALIZATION][SERVER][INFO] [preinit | SIDE_SERVER]: Skipping file {[0:crafttweaker]: disabling.zs} as we are currently loading with a different loader
[PREINITIALIZATION][SERVER][INFO] [preinit | SIDE_SERVER]: Skipping file {[0:crafttweaker]: recipes.zs} as we are currently loading with a different loader
[PREINITIALIZATION][SERVER][INFO] Completed script loading in: 3ms
[INITIALIZATION][SERVER][INFO] CraftTweaker: Building registry
[INITIALIZATION][SERVER][INFO] CraftTweaker: Successfully built item registry
[INITIALIZATION][SERVER][INFO] Current loaders after merging: [[preinit], [recipeevent | crafttweaker]]
[INITIALIZATION][SERVER][INFO] Loading scripts for loader with names [crafttweaker | recipeevent]
[INITIALIZATION][SERVER][INFO] [crafttweaker | SIDE_SERVER]: Loading Script: {[0:crafttweaker]: custom.zs}
[INITIALIZATION][SERVER][INFO] Translating tropicraft.drink.pina_colada.name to Pinacolada
[INITIALIZATION][SERVER][INFO] [crafttweaker | SIDE_SERVER]: Loading Script: {[0:crafttweaker]: disabling.zs}
[INITIALIZATION][SERVER][INFO] [crafttweaker | SIDE_SERVER]: Loading Script: {[0:crafttweaker]: recipes.zs}
[INITIALIZATION][SERVER][INFO] Completed script loading in: 678ms
[POSTINITIALIZATION][SERVER][INFO] Removing recipes for various outputs
[POSTINITIALIZATION][SERVER][INFO] Adding shaped recipe for Chain Boots with name ct_shaped-1491959313
[POSTINITIALIZATION][SERVER][INFO] Adding shaped recipe for Chain Leggings with name ct_shaped-595363882
[POSTINITIALIZATION][SERVER][INFO] Adding shaped recipe for Chain Chestplate with name ct_shaped1662071015
[POSTINITIALIZATION][SERVER][INFO] Adding shaped recipe for Chain Helmet with name ct_shaped2043468165
[POSTINITIALIZATION][SERVER][INFO] Adding shapeless recipe for Flint and Steel with name ct_shapeless117207445
[POSTINITIALIZATION][SERVER][INFO] Adding shaped recipe for Flint and Steel with name ct_shaped-499068375
[POSTINITIALIZATION][SERVER][INFO] Adding shaped recipe for Pinacolada with name ct_shaped-464906335
