[00:00:00] [Server thread/INFO] [tombstone]: All players have been successfully backed up
[00:00:18] [Server thread/INFO] [OTG]: Saving structure and pregenerator data.
[00:00:18] [Server thread/INFO] [OTG]: 0 structure data regions saved.
[00:00:18] [Server thread/INFO] [OTG]: Structure and pregenerator data saved.
[00:03:04] [Server thread/INFO] [net.minecraft.server.dedicated.DedicatedServer]: ac3po has made the advancement [Take Aim]
[00:03:04] [Server thread/INFO] [ebwizardry]: Synchronising advancements for ac3po
[00:03:07] [Server thread/INFO] [net.minecraft.server.dedicated.DedicatedServer]: ac3po has made the advancement [Monster Hunter]
[00:03:07] [Server thread/INFO] [ebwizardry]: Synchronising advancements for ac3po
[00:03:07] [Server thread/INFO] [ebwizardry]: Synchronising advancements for ac3po
[00:03:07] [Server thread/INFO] [ebwizardry]: Synchronising advancements for ac3po
[00:03:18] [Server thread/INFO] [OTG]: Saving structure and pregenerator data.
[00:03:18] [Server thread/INFO] [OTG]: 0 structure data regions saved.
[00:03:18] [Server thread/INFO] [OTG]: Structure and pregenerator data saved.
[00:03:54] [Server thread/INFO] [ebwizardry]: Synchronising advancements for ac3po
[00:03:54] [Server thread/INFO] [ebwizardry]: Synchronising advancements for ac3po
[00:03:54] [Server thread/INFO] [ebwizardry]: Synchronising advancements for ac3po
[00:03:54] [Server thread/INFO] [ebwizardry]: Synchronising advancements for ac3po
[00:04:48] [Server thread/INFO] [OTG]: Saving structure and pregenerator data.
[00:04:48] [Server thread/INFO] [OTG]: 0 structure data regions saved.
[00:04:48] [Server thread/INFO] [OTG]: Structure and pregenerator data saved.
[00:05:16] [Server thread/INFO] [ebwizardry]: Synchronising advancements for peptio96
[00:05:16] [Server thread/INFO] [net.minecraft.server.dedicated.DedicatedServer]: peptio96 has made the advancement [You Urnt It]
[00:05:16] [Server thread/INFO] [ebwizardry]: Synchronising advancements for peptio96
[00:05:22] [Server thread/INFO] [ebwizardry]: Synchronising advancements for peptio96
[00:05:22] [Server thread/INFO] [ebwizardry]: Synchronising advancements for peptio96
[00:05:22] [Server thread/INFO] [ebwizardry]: Synchronising advancements for peptio96
[00:05:22] [Server thread/INFO] [ebwizardry]: Synchronising advancements for peptio96
[00:05:22] [Server thread/INFO] [ebwizardry]: Synchronising advancements for peptio96
[00:05:22] [Server thread/INFO] [ebwizardry]: Synchronising advancements for peptio96
[00:05:22] [Server thread/INFO] [ebwizardry]: Synchronising advancements for peptio96
[00:05:22] [Server thread/INFO] [ebwizardry]: Synchronising advancements for peptio96
[00:05:22] [Server thread/INFO] [ebwizardry]: Synchronising advancements for peptio96
[00:05:22] [Server thread/INFO] [ebwizardry]: Synchronising advancements for peptio96
[00:05:22] [Server thread/INFO] [ebwizardry]: Synchronising advancements for peptio96
[00:05:22] [Server thread/INFO] [ebwizardry]: Synchronising advancements for peptio96
[00:05:22] [Server thread/INFO] [ebwizardry]: Synchronising advancements for peptio96
[00:05:22] [Server thread/INFO] [ebwizardry]: Synchronising advancements for peptio96
[00:05:22] [Server thread/INFO] [ebwizardry]: Synchronising advancements for peptio96
[00:05:22] [Server thread/INFO] [ebwizardry]: Synchronising advancements for peptio96
[00:05:22] [Server thread/INFO] [ebwizardry]: Synchronising advancements for peptio96
[00:05:22] [Server thread/INFO] [ebwizardry]: Synchronising advancements for peptio96
[00:05:22] [Server thread/INFO] [ebwizardry]: Synchronising advancements for peptio96
[00:05:22] [Server thread/INFO] [ebwizardry]: Synchronising advancements for peptio96
[00:05:22] [Server thread/INFO] [ebwizardry]: Synchronising advancements for peptio96
[00:05:53] [Server thread/INFO] [ebwizardry]: Synchronising advancements for ac3po
[00:05:53] [Server thread/INFO] [ebwizardry]: Synchronising advancements for ac3po
[00:05:53] [Server thread/INFO] [ebwizardry]: Synchronising advancements for ac3po
[00:05:53] [Server thread/INFO] [ebwizardry]: Synchronising advancements for ac3po
[00:05:53] [Server thread/INFO] [ebwizardry]: Synchronising advancements for ac3po
[00:06:00] [Server thread/INFO] [net.minecraft.server.dedicated.DedicatedServer]: ac3po has made the advancement [The Portal]
[00:06:00] [Server thread/INFO] [ebwizardry]: Synchronising advancements for ac3po
[00:06:00] [Server thread/INFO] [net.minecraft.server.dedicated.DedicatedServer]: ac3po has made the advancement [Ice Bucket Challenge]
[00:06:00] [Server thread/INFO] [ebwizardry]: Synchronising advancements for ac3po
[00:06:00] [Server thread/INFO] [ebwizardry]: Synchronising advancements for ac3po
[00:06:00] [Server thread/INFO] [ebwizardry]: Synchronising advancements for ac3po
[00:06:00] [Server thread/INFO] [ebwizardry]: Synchronising advancements for ac3po
[00:08:07] [Server thread/INFO] [FML]: Loading dimension 2 (Aliexpress) (net.minecraft.server.dedicated.DedicatedServer@373d2983)
[00:08:07] [Server thread/INFO] [dsurround]: Attaching capabilities to world [TENT] (SERVER)
[00:08:07] [Server thread/INFO] [dsurround]: DimensionInfo{id=2, name=TENT, seaLevel=64, cloudHeight=256, skyHeight=256, haze=false, aurora=true, weather=true, fog=true}
[00:08:07] [Server thread/INFO] [THAUMCRAFT]: Creating aura cache for world 2
[00:08:07] [Server thread/INFO] [dsurround]: Creating STANDARD weather generator for dimension [TENT]
[00:08:08] [Thread-55/INFO] [THAUMCRAFT]: Starting aura thread for dim 2
[00:08:08] [Server thread/INFO] [THAUMCRAFT]: Removing aura cache for world 2
[00:08:08] [Server thread/INFO] [FML]: Unloading dimension 2
[00:08:10] [Thread-55/INFO] [THAUMCRAFT]: Stopping aura thread for dim 2
[00:12:18] [Server thread/INFO] [OTG]: Saving structure and pregenerator data.
[00:12:18] [Server thread/INFO] [OTG]: 0 structure data regions saved.
[00:12:18] [Server thread/INFO] [OTG]: Structure and pregenerator data saved.
[00:13:03] [Server thread/INFO] [OTG]: Saving structure and pregenerator data.
[00:13:03] [Server thread/INFO] [OTG]: 0 structure data regions saved.
[00:13:03] [Server thread/INFO] [OTG]: Structure and pregenerator data saved.
[00:16:03] [Server thread/INFO] [net.minecraft.server.dedicated.DedicatedServer]: peptio96 has made the advancement [Sobriety Test]
[00:16:03] [Server thread/INFO] [ebwizardry]: Synchronising advancements for peptio96
[00:17:01] [Server thread/INFO] [ebwizardry]: Synchronising advancements for peptio96
[00:17:33] [Server thread/INFO] [OTG]: Saving structure and pregenerator data.
[00:17:33] [Server thread/INFO] [OTG]: 0 structure data regions saved.
[00:17:33] [Server thread/INFO] [OTG]: Structure and pregenerator data saved.
[00:18:33] [Server thread/INFO] [ebwizardry]: Synchronising advancements for peptio96
[00:18:33] [Server thread/INFO] [ebwizardry]: Synchronising advancements for peptio96
[00:18:47] [Server thread/INFO] [net.minecraft.server.dedicated.DedicatedServer]: peptio96 has made the advancement [A Seedy Place]
[00:18:47] [Server thread/INFO] [ebwizardry]: Synchronising advancements for peptio96
[00:19:28] [Server thread/INFO] [Meson ASM]: Transforming ContainerRepair
[00:19:28] [Server thread/INFO] [Meson ASM]: Applying Transformation to method (Names [updateRepairOutput, func_82848_d, e] Descriptor ()V / ()V)
[00:19:28] [Server thread/INFO] [Meson ASM]: Located method, patching...
[00:19:28] [Server thread/INFO] [Meson ASM]: Located target ICONST_0
[00:19:28] [Server thread/INFO] [Meson ASM]: Patch result: true
[00:19:28] [Server thread/INFO] [Apotheosis : Core]: Transforming ContainerRepair...
[00:19:28] [Server thread/INFO] [Apotheosis : Core]: Successfully removed the anvil level cap.
[00:19:28] [Server thread/INFO] [Apotheosis : Core]: Replaced ContainerRepair Enchantment#getMaxLevel #1.
[00:19:28] [Server thread/INFO] [Apotheosis : Core]: Replaced ContainerRepair Enchantment#getMaxLevel #2.
[00:19:28] [Server thread/INFO] [Apotheosis : Core]: Successfully transformed ContainerRepair
[00:19:28] [Server thread/INFO] [Meson ASM]: Transforming ContainerRepair2
[00:19:28] [Server thread/INFO] [Meson ASM]: Applying Transformation to method (Names [canTakeStack, func_82869_a, a] Descriptor (Lnet/minecraft/entity/player/EntityPlayer;)Z / (Laed;)Z)
[00:19:28] [Server thread/INFO] [Meson ASM]: Located method, patching...
[00:19:28] [Server thread/INFO] [Meson ASM]: Located target IFLE L0
[00:19:28] [Server thread/INFO] [Meson ASM]: Patch result: true
[00:20:06] [Server thread/INFO] [FML]: Loading dimension 2 (Aliexpress) (net.minecraft.server.dedicated.DedicatedServer@373d2983)
[00:20:06] [Server thread/INFO] [dsurround]: Attaching capabilities to world [TENT] (SERVER)
[00:20:06] [Server thread/INFO] [dsurround]: DimensionInfo{id=2, name=TENT, seaLevel=64, cloudHeight=256, skyHeight=256, haze=false, aurora=true, weather=true, fog=true}
[00:20:06] [Server thread/INFO] [THAUMCRAFT]: Creating aura cache for world 2
[00:20:06] [Server thread/INFO] [dsurround]: Creating STANDARD weather generator for dimension [TENT]
[00:20:06] [Thread-56/INFO] [THAUMCRAFT]: Starting aura thread for dim 2
[00:20:06] [Server thread/INFO] [THAUMCRAFT]: Removing aura cache for world 2
[00:20:06] [Server thread/INFO] [FML]: Unloading dimension 2
[00:20:08] [Thread-56/INFO] [THAUMCRAFT]: Stopping aura thread for dim 2
[00:20:14] [Server thread/INFO] [ebwizardry]: Synchronising advancements for peptio96
[00:20:14] [Server thread/INFO] [ebwizardry]: Synchronising advancements for peptio96
[00:20:14] [Server thread/INFO] [ebwizardry]: Synchronising advancements for peptio96
[00:20:14] [Server thread/INFO] [ebwizardry]: Synchronising advancements for peptio96
[00:20:14] [Server thread/INFO] [ebwizardry]: Synchronising advancements for peptio96
[00:20:14] [Server thread/INFO] [ebwizardry]: Synchronising advancements for peptio96
[00:20:14] [Server thread/INFO] [ebwizardry]: Synchronising advancements for peptio96
[00:20:14] [Server thread/INFO] [ebwizardry]: Synchronising advancements for peptio96
[00:20:14] [Server thread/INFO] [ebwizardry]: Synchronising advancements for peptio96
[00:20:14] [Server thread/INFO] [ebwizardry]: Synchronising advancements for peptio96
[00:20:14] [Server thread/INFO] [ebwizardry]: Synchronising advancements for peptio96
[00:20:14] [Server thread/INFO] [ebwizardry]: Synchronising advancements for peptio96
[00:20:14] [Server thread/INFO] [ebwizardry]: Synchronising advancements for peptio96
[00:20:14] [Server thread/INFO] [ebwizardry]: Synchronising advancements for peptio96
[00:20:14] [Server thread/INFO] [ebwizardry]: Synchronising advancements for peptio96
[00:20:14] [Server thread/INFO] [ebwizardry]: Synchronising advancements for peptio96
[00:20:14] [Server thread/INFO] [ebwizardry]: Synchronising advancements for peptio96
[00:20:14] [Server thread/INFO] [ebwizardry]: Synchronising advancements for peptio96
[00:20:14] [Server thread/INFO] [ebwizardry]: Synchronising advancements for peptio96
[00:20:14] [Server thread/INFO] [ebwizardry]: Synchronising advancements for peptio96
[00:20:14] [Server thread/INFO] [ebwizardry]: Synchronising advancements for peptio96
[00:20:14] [Server thread/INFO] [ebwizardry]: Synchronising advancements for peptio96
[00:20:14] [Server thread/INFO] [net.minecraft.server.dedicated.DedicatedServer]: peptio96 has made the advancement [Acquire Hardware]
[00:20:14] [Server thread/INFO] [ebwizardry]: Synchronising advancements for peptio96
[00:20:14] [Server thread/INFO] [ebwizardry]: Synchronising advancements for peptio96
[00:20:14] [Server thread/INFO] [ebwizardry]: Synchronising advancements for peptio96
[00:20:14] [Server thread/INFO] [ebwizardry]: Synchronising advancements for peptio96
[00:20:14] [Server thread/INFO] [ebwizardry]: Synchronising advancements for peptio96
[00:21:39] [Server thread/WARN] [FML]: Recurrent Complex loaded a new chunk [-76, 64] in dimension 0 (overworld) while populating chunk [-75, 64], causing cascading worldgen lag.
[00:21:39] [Server thread/WARN] [FML]: Please report this to the mod's issue tracker. This log can be disabled in the Forge config.
[00:21:39] [Server thread/WARN] [FML]: Recurrent Complex loaded a new chunk [-77, 64] in dimension 0 (overworld) while populating chunk [-76, 64], causing cascading worldgen lag.
[00:21:39] [Server thread/WARN] [FML]: Please report this to the mod's issue tracker. This log can be disabled in the Forge config.
[00:21:39] [Server thread/WARN] [FML]: Recurrent Complex loaded a new chunk [-78, 64] in dimension 0 (overworld) while populating chunk [-77, 64], causing cascading worldgen lag.
[00:21:39] [Server thread/WARN] [FML]: Please report this to the mod's issue tracker. This log can be disabled in the Forge config.
[00:21:39] [Server thread/INFO] [OTG]: Cascading chunk generation detected.
[00:21:39] [Server thread/INFO] [OTG]: Cascading chunk generation detected.
[00:21:39] [Server thread/INFO] [OTG]: Cascading chunk generation detected.
[00:21:39] [Server thread/WARN] [FML]: Recurrent Complex loaded a new chunk [-76, 63] in dimension 0 (overworld) while populating chunk [-75, 64], causing cascading worldgen lag.
[00:21:39] [Server thread/WARN] [FML]: Please report this to the mod's issue tracker. This log can be disabled in the Forge config.
[00:21:39] [Server thread/INFO] [OTG]: Cascading chunk generation detected.
[00:21:45] [Server thread/INFO] [ebwizardry]: Synchronising advancements for peptio96
[00:21:45] [Server thread/INFO] [ebwizardry]: Synchronising advancements for peptio96
[00:21:45] [Server thread/INFO] [ebwizardry]: Synchronising advancements for peptio96
[00:21:45] [Server thread/INFO] [ebwizardry]: Synchronising advancements for peptio96
[00:21:45] [Server thread/INFO] [ebwizardry]: Synchronising advancements for peptio96
[00:22:03] [Server thread/INFO] [OTG]: Saving structure and pregenerator data.
[00:22:03] [Server thread/INFO] [OTG]: 0 structure data regions saved.
[00:22:03] [Server thread/INFO] [OTG]: Structure and pregenerator data saved.
[00:22:29] [Server thread/INFO] [ebwizardry]: Synchronising advancements for ac3po
[00:22:30] [Server thread/INFO] [ebwizardry]: Synchronising advancements for ac3po
[00:27:00] [Server thread/INFO] [ebwizardry]: Synchronising advancements for ac3po
[00:27:14] [Server thread/INFO] [ebwizardry]: Synchronising advancements for peptio96
[00:27:14] [Server thread/INFO] [ebwizardry]: Synchronising advancements for peptio96
[00:27:14] [Server thread/INFO] [ebwizardry]: Synchronising advancements for peptio96
[00:27:14] [Server thread/INFO] [ebwizardry]: Synchronising advancements for peptio96
[00:27:14] [Server thread/INFO] [ebwizardry]: Synchronising advancements for peptio96
[00:27:14] [Server thread/INFO] [ebwizardry]: Synchronising advancements for peptio96
[00:27:14] [Server thread/INFO] [ebwizardry]: Synchronising advancements for peptio96
[00:27:14] [Server thread/INFO] [ebwizardry]: Synchronising advancements for peptio96
[00:27:14] [Server thread/INFO] [ebwizardry]: Synchronising advancements for peptio96
[00:27:14] [Server thread/INFO] [ebwizardry]: Synchronising advancements for peptio96
[00:27:14] [Server thread/INFO] [ebwizardry]: Synchronising advancements for peptio96
[00:27:14] [Server thread/INFO] [ebwizardry]: Synchronising advancements for peptio96
[00:27:35] [Server thread/INFO] [net.minecraft.server.dedicated.DedicatedServer]: peptio96 has made the advancement [Who Lives Here?]
[00:27:35] [Server thread/INFO] [ebwizardry]: Synchronising advancements for peptio96
[00:27:42] [Server thread/INFO] [net.minecraft.server.dedicated.DedicatedServer]: peptio96 has made the advancement [You'll Regret That]
[00:27:42] [Server thread/INFO] [ebwizardry]: Synchronising advancements for peptio96
[00:27:42] [Server thread/INFO] [net.minecraft.server.dedicated.DedicatedServer]: ac3po has made the advancement [You'll Regret That]
[00:27:42] [Server thread/INFO] [ebwizardry]: Synchronising advancements for ac3po
[00:28:03] [Server thread/INFO] [OTG]: Saving structure and pregenerator data.
[00:28:03] [Server thread/INFO] [OTG]: 0 structure data regions saved.
[00:28:03] [Server thread/INFO] [OTG]: Structure and pregenerator data saved.
[00:28:06] [Server thread/INFO] [ebwizardry]: Synchronising advancements for ac3po
[00:28:14] [Server thread/INFO] [ebwizardry]: Synchronising advancements for ac3po
[00:28:14] [Server thread/INFO] [ebwizardry]: Synchronising advancements for ac3po
[00:28:14] [Server thread/INFO] [ebwizardry]: Synchronising advancements for ac3po
[00:28:14] [Server thread/INFO] [ebwizardry]: Synchronising advancements for ac3po
[00:28:14] [Server thread/INFO] [ebwizardry]: Synchronising advancements for ac3po
[00:28:14] [Server thread/INFO] [ebwizardry]: Synchronising advancements for ac3po
[00:28:24] [Server thread/INFO] [ebwizardry]: Synchronising advancements for ac3po
[00:28:24] [Server thread/INFO] [ebwizardry]: Synchronising advancements for ac3po
[00:28:24] [Server thread/INFO] [ebwizardry]: Synchronising advancements for ac3po
[00:28:24] [Server thread/INFO] [ebwizardry]: Synchronising advancements for ac3po
[00:28:24] [Server thread/INFO] [ebwizardry]: Synchronising advancements for ac3po
[00:28:24] [Server thread/INFO] [ebwizardry]: Synchronising advancements for ac3po
[00:28:24] [Server thread/INFO] [ebwizardry]: Synchronising advancements for ac3po
[00:28:24] [Server thread/INFO] [ebwizardry]: Synchronising advancements for ac3po
[00:28:24] [Server thread/INFO] [ebwizardry]: Synchronising advancements for ac3po
[00:28:24] [Server thread/INFO] [ebwizardry]: Synchronising advancements for ac3po
[00:28:24] [Server thread/INFO] [ebwizardry]: Synchronising advancements for ac3po
[00:28:24] [Server thread/INFO] [ebwizardry]: Synchronising advancements for ac3po
[00:28:30] [Server thread/INFO] [ebwizardry]: Synchronising advancements for peptio96
[00:28:30] [Server thread/INFO] [ebwizardry]: Synchronising advancements for peptio96
[00:28:30] [Server thread/INFO] [ebwizardry]: Synchronising advancements for peptio96
[00:28:30] [Server thread/INFO] [ebwizardry]: Synchronising advancements for peptio96
[00:28:30] [Server thread/INFO] [ebwizardry]: Synchronising advancements for peptio96
[00:28:30] [Server thread/INFO] [ebwizardry]: Synchronising advancements for peptio96
[00:28:30] [Server thread/INFO] [ebwizardry]: Synchronising advancements for peptio96
[00:28:30] [Server thread/INFO] [ebwizardry]: Synchronising advancements for peptio96
[00:28:30] [Server thread/INFO] [ebwizardry]: Synchronising advancements for peptio96
[00:28:30] [Server thread/INFO] [ebwizardry]: Synchronising advancements for peptio96
[00:28:30] [Server thread/INFO] [ebwizardry]: Synchronising advancements for peptio96
[00:28:30] [Server thread/INFO] [ebwizardry]: Synchronising advancements for peptio96
[00:29:33] [Server thread/INFO] [OTG]: Saving structure and pregenerator data.
[00:29:33] [Server thread/INFO] [OTG]: 0 structure data regions saved.
[00:29:33] [Server thread/INFO] [OTG]: Structure and pregenerator data saved.
[00:29:41] [Server thread/INFO] [ebwizardry]: Synchronising advancements for peptio96
[00:31:03] [Server thread/INFO] [OTG]: Saving structure and pregenerator data.
[00:31:03] [Server thread/INFO] [OTG]: 0 structure data regions saved.
[00:31:03] [Server thread/INFO] [OTG]: Structure and pregenerator data saved.
[00:31:03] [Server thread/INFO] [FML]: Loading dimension 2 (Aliexpress) (net.minecraft.server.dedicated.DedicatedServer@373d2983)
[00:31:03] [Server thread/INFO] [dsurround]: Attaching capabilities to world [TENT] (SERVER)
[00:31:03] [Server thread/INFO] [dsurround]: DimensionInfo{id=2, name=TENT, seaLevel=64, cloudHeight=256, skyHeight=256, haze=false, aurora=true, weather=true, fog=true}
[00:31:03] [Server thread/INFO] [THAUMCRAFT]: Creating aura cache for world 2
[00:31:03] [Server thread/INFO] [dsurround]: Creating STANDARD weather generator for dimension [TENT]
[00:31:03] [Thread-57/INFO] [THAUMCRAFT]: Starting aura thread for dim 2
[00:31:03] [Server thread/INFO] [THAUMCRAFT]: Removing aura cache for world 2
[00:31:04] [Server thread/INFO] [FML]: Unloading dimension 2
[00:31:05] [Thread-57/INFO] [THAUMCRAFT]: Stopping aura thread for dim 2
[00:31:46] [Server thread/INFO] [ebwizardry]: Synchronising advancements for ac3po
[00:31:46] [Server thread/INFO] [ebwizardry]: Synchronising advancements for ac3po
[00:31:46] [Server thread/INFO] [ebwizardry]: Synchronising advancements for ac3po
[00:31:46] [Server thread/INFO] [ebwizardry]: Synchronising advancements for ac3po
[00:31:46] [Server thread/INFO] [ebwizardry]: Synchronising advancements for ac3po
[00:31:46] [Server thread/INFO] [ebwizardry]: Synchronising advancements for ac3po
[00:31:46] [Server thread/INFO] [ebwizardry]: Synchronising advancements for ac3po
[00:31:46] [Server thread/INFO] [net.minecraft.server.dedicated.DedicatedServer]: ac3po has made the advancement [Phat Loots]
[00:31:46] [Server thread/INFO] [ebwizardry]: Synchronising advancements for ac3po
[00:31:50] [Server thread/WARN] [FML]: Recurrent Complex loaded a new chunk [-76, 53] in dimension 0 (overworld) while populating chunk [-76, 52], causing cascading worldgen lag.
[00:31:50] [Server thread/WARN] [FML]: Please report this to the mod's issue tracker. This log can be disabled in the Forge config.
[00:31:50] [Server thread/INFO] [OTG]: Cascading chunk generation detected.
[00:31:51] [Server thread/WARN] [FML]: Recurrent Complex loaded a new chunk [-77, 65] in dimension 0 (overworld) while populating chunk [-76, 65], causing cascading worldgen lag.
[00:31:51] [Server thread/WARN] [FML]: Please report this to the mod's issue tracker. This log can be disabled in the Forge config.
[00:31:51] [Server thread/INFO] [OTG]: Cascading chunk generation detected.
[00:31:52] [Server thread/INFO] [ebwizardry]: Synchronising advancements for peptio96
[00:32:04] [Server thread/INFO] [ebwizardry]: Synchronising advancements for peptio96
[00:32:04] [Server thread/INFO] [ebwizardry]: Synchronising advancements for peptio96
[00:32:33] [Server thread/INFO] [OTG]: Saving structure and pregenerator data.
[00:32:33] [Server thread/INFO] [OTG]: 0 structure data regions saved.
[00:32:33] [Server thread/INFO] [OTG]: Structure and pregenerator data saved.
[00:32:37] [Server thread/INFO] [ebwizardry]: Synchronising advancements for ac3po
[00:33:32] [Server thread/INFO] [OpenMods]: openblocks.common.PlayerInventoryStore.onPlayerDeath(PlayerInventoryStore.java:304): Storing post-mortem inventory into C:\Magu\RAD-Serverpack-1.45\.\Aliexpress\data\inventory-peptio96-2021-06-21_00.33.32-death-0.dat. It can be restored with command '/ob_inventory restore peptio96 peptio96-2021-06-21_00.33.32-death-0'
[00:33:32] [Server thread/INFO] [net.minecraft.server.dedicated.DedicatedServer]: peptio96 was slain by Skeleton
[00:33:32] [Server thread/INFO] [tombstone]: The last known grave of peptio96 is at location [name:Last Grave, x:-1076, y:69, z:931] in the dimension 0
[00:33:32] [Server thread/INFO] [net.minecraft.server.dedicated.DedicatedServer]: peptio96 has made the advancement [Your First Grave]
[00:33:32] [Server thread/INFO] [ebwizardry]: Synchronising advancements for peptio96
[00:33:34] [Server thread/INFO] [ebwizardry]: Sending global donation perk settings to peptio96
[00:33:34] [Server thread/INFO] [FML]: Loading dimension 2 (Aliexpress) (net.minecraft.server.dedicated.DedicatedServer@373d2983)
[00:33:34] [Server thread/INFO] [dsurround]: Attaching capabilities to world [TENT] (SERVER)
[00:33:34] [Server thread/INFO] [dsurround]: DimensionInfo{id=2, name=TENT, seaLevel=64, cloudHeight=256, skyHeight=256, haze=false, aurora=true, weather=true, fog=true}
[00:33:34] [Server thread/INFO] [THAUMCRAFT]: Creating aura cache for world 2
[00:33:34] [Server thread/INFO] [dsurround]: Creating STANDARD weather generator for dimension [TENT]
[00:33:34] [Server thread/INFO] [net.minecraft.server.dedicated.DedicatedServer]: peptio96 has made the advancement [INFO : Grave's Key]
[00:33:34] [Thread-59/INFO] [THAUMCRAFT]: Starting aura thread for dim 2
[00:33:34] [Server thread/INFO] [THAUMCRAFT]: Removing aura cache for world 2
[00:33:34] [Server thread/INFO] [FML]: Unloading dimension 2
[00:33:36] [Thread-59/INFO] [THAUMCRAFT]: Stopping aura thread for dim 2
[00:34:17] [Server thread/INFO] [ebwizardry]: Synchronising advancements for peptio96
[00:34:19] [Server thread/INFO] [net.minecraft.server.dedicated.DedicatedServer]: peptio96 has made the advancement [Monster Hunter]
[00:34:19] [Server thread/INFO] [ebwizardry]: Synchronising advancements for peptio96
[00:34:20] [Server thread/INFO] [net.minecraft.server.dedicated.DedicatedServer]: peptio96 has made the advancement [A Strange Grave's Dust]
[00:34:20] [Server thread/INFO] [ebwizardry]: Synchronising advancements for peptio96
[00:34:20] [Server thread/INFO] [ebwizardry]: Synchronising advancements for peptio96
[00:34:20] [Server thread/INFO] [net.minecraft.server.dedicated.DedicatedServer]: peptio96 has made the advancement [Phat Loots]
[00:34:20] [Server thread/INFO] [ebwizardry]: Synchronising advancements for peptio96
[00:34:27] [Server thread/INFO] [net.minecraft.server.dedicated.DedicatedServer]: ac3po has made the advancement [A Strange Grave's Dust]
[00:34:27] [Server thread/INFO] [ebwizardry]: Synchronising advancements for ac3po
[00:34:27] [Server thread/INFO] [ebwizardry]: Synchronising advancements for ac3po
[00:34:28] [Server thread/INFO] [ebwizardry]: Synchronising advancements for peptio96
[00:34:30] [Server thread/INFO] [ebwizardry]: Synchronising advancements for peptio96
[00:34:31] [Server thread/INFO] [ebwizardry]: Synchronising advancements for peptio96
[00:34:31] [Server thread/INFO] [ebwizardry]: Synchronising advancements for peptio96
[00:34:31] [Server thread/INFO] [ebwizardry]: Synchronising advancements for peptio96
[00:34:31] [Server thread/INFO] [ebwizardry]: Synchronising advancements for peptio96
[00:34:31] [Server thread/INFO] [ebwizardry]: Synchronising advancements for peptio96
[00:34:31] [Server thread/INFO] [ebwizardry]: Synchronising advancements for peptio96
[00:34:31] [Server thread/INFO] [ebwizardry]: Synchronising advancements for peptio96
[00:34:41] [Server thread/INFO] [net.minecraft.server.dedicated.DedicatedServer]: peptio96 has made the advancement [Improved Backpacks]
[00:34:41] [Server thread/INFO] [ebwizardry]: Synchronising advancements for peptio96
[00:34:49] [Server thread/INFO] [OpenMods]: openblocks.common.PlayerInventoryStore.onPlayerDeath(PlayerInventoryStore.java:304): Storing post-mortem inventory into C:\Magu\RAD-Serverpack-1.45\.\Aliexpress\data\inventory-ac3po-2021-06-21_00.34.49-death-0.dat. It can be restored with command '/ob_inventory restore ac3po ac3po-2021-06-21_00.34.49-death-0'
[00:34:49] [Server thread/INFO] [net.minecraft.server.dedicated.DedicatedServer]: ac3po was slain by Cave Spider
[00:34:49] [Server thread/INFO] [tombstone]: The last known grave of ac3po is at location [name:Last Grave, x:-1075, y:69, z:926] in the dimension 0
[00:34:50] [Server thread/INFO] [ebwizardry]: Sending global donation perk settings to ac3po
[00:34:50] [Server thread/INFO] [FML]: Loading dimension 2 (Aliexpress) (net.minecraft.server.dedicated.DedicatedServer@373d2983)
[00:34:50] [Server thread/INFO] [dsurround]: Attaching capabilities to world [TENT] (SERVER)
[00:34:50] [Server thread/INFO] [dsurround]: DimensionInfo{id=2, name=TENT, seaLevel=64, cloudHeight=256, skyHeight=256, haze=false, aurora=true, weather=true, fog=true}
[00:34:50] [Server thread/INFO] [THAUMCRAFT]: Creating aura cache for world 2
[00:34:50] [Server thread/INFO] [dsurround]: Creating STANDARD weather generator for dimension [TENT]
[00:34:50] [Thread-61/INFO] [THAUMCRAFT]: Starting aura thread for dim 2
[00:34:50] [Server thread/INFO] [THAUMCRAFT]: Removing aura cache for world 2
[00:34:50] [Server thread/INFO] [FML]: Unloading dimension 2
[00:34:52] [Thread-61/INFO] [THAUMCRAFT]: Stopping aura thread for dim 2
[00:35:05] [Server thread/WARN] [FML]: Recurrent Complex loaded a new chunk [-74, 68] in dimension 0 (overworld) while populating chunk [-74, 67], causing cascading worldgen lag.
[00:35:05] [Server thread/WARN] [FML]: Please report this to the mod's issue tracker. This log can be disabled in the Forge config.
[00:35:05] [Server thread/WARN] [FML]: Recurrent Complex loaded a new chunk [-75, 68] in dimension 0 (overworld) while populating chunk [-74, 68], causing cascading worldgen lag.
[00:35:05] [Server thread/WARN] [FML]: Please report this to the mod's issue tracker. This log can be disabled in the Forge config.
[00:35:05] [Server thread/INFO] [OTG]: Cascading chunk generation detected.
[00:35:05] [Server thread/INFO] [OTG]: Cascading chunk generation detected.
[00:35:17] [Server thread/INFO] [ebwizardry]: Synchronising advancements for ac3po
[00:35:17] [Server thread/INFO] [net.minecraft.server.dedicated.DedicatedServer]: ac3po has made the advancement [Not Even Double-Sided]
[00:35:17] [Server thread/INFO] [ebwizardry]: Synchronising advancements for ac3po
[00:35:17] [Server thread/INFO] [net.minecraft.server.dedicated.DedicatedServer]: ac3po has made the advancement [Knowledge of Death]
[00:35:17] [Server thread/INFO] [ebwizardry]: Synchronising advancements for ac3po
[00:35:17] [Server thread/INFO] [net.minecraft.server.dedicated.DedicatedServer]: ac3po has reached the goal [Here They Come]
[00:35:17] [Server thread/INFO] [ebwizardry]: Synchronising advancements for ac3po
[00:35:33] [Server thread/INFO] [OTG]: Saving structure and pregenerator data.
[00:35:33] [Server thread/INFO] [OTG]: 0 structure data regions saved.
[00:35:33] [Server thread/INFO] [OTG]: Structure and pregenerator data saved.
[00:36:10] [Server thread/INFO] [ebwizardry]: Synchronising advancements for ac3po
[00:37:03] [Server thread/INFO] [OpenMods]: openblocks.common.PlayerInventoryStore.onPlayerDeath(PlayerInventoryStore.java:304): Storing post-mortem inventory into C:\Magu\RAD-Serverpack-1.45\.\Aliexpress\data\inventory-ac3po-2021-06-21_00.37.03-death-0.dat. It can be restored with command '/ob_inventory restore ac3po ac3po-2021-06-21_00.37.03-death-0'
[00:37:03] [Server thread/INFO] [net.minecraft.server.dedicated.DedicatedServer]: ac3po was slain by Cave Spider
[00:37:03] [Server thread/INFO] [tombstone]: The last known grave of ac3po is at location [name:Last Grave, x:-1075, y:69, z:931] in the dimension 0
[00:37:06] [Server thread/INFO] [ebwizardry]: Sending global donation perk settings to ac3po
[00:37:06] [Server thread/INFO] [FML]: Loading dimension 2 (Aliexpress) (net.minecraft.server.dedicated.DedicatedServer@373d2983)
[00:37:06] [Server thread/INFO] [dsurround]: Attaching capabilities to world [TENT] (SERVER)
[00:37:06] [Server thread/INFO] [dsurround]: DimensionInfo{id=2, name=TENT, seaLevel=64, cloudHeight=256, skyHeight=256, haze=false, aurora=true, weather=true, fog=true}
[00:37:06] [Server thread/INFO] [THAUMCRAFT]: Creating aura cache for world 2
[00:37:06] [Server thread/INFO] [dsurround]: Creating STANDARD weather generator for dimension [TENT]
[00:37:06] [Thread-63/INFO] [THAUMCRAFT]: Starting aura thread for dim 2
[00:37:06] [Server thread/INFO] [THAUMCRAFT]: Removing aura cache for world 2
[00:37:06] [Server thread/INFO] [FML]: Unloading dimension 2
[00:37:08] [Thread-63/INFO] [THAUMCRAFT]: Stopping aura thread for dim 2
[00:38:28] [Server thread/INFO] [net.minecraft.server.dedicated.DedicatedServer]: ac3po got revenge on Cave Spider
[00:39:06] [Server thread/INFO] [ebwizardry]: Synchronising advancements for ac3po
[00:39:09] [Server thread/INFO] [OpenMods]: openblocks.common.PlayerInventoryStore.onPlayerDeath(PlayerInventoryStore.java:304): Storing post-mortem inventory into C:\Magu\RAD-Serverpack-1.45\.\Aliexpress\data\inventory-peptio96-2021-06-21_00.39.09-death-0.dat. It can be restored with command '/ob_inventory restore peptio96 peptio96-2021-06-21_00.39.09-death-0'
[00:39:09] [Server thread/INFO] [net.minecraft.server.dedicated.DedicatedServer]: peptio96 was slain by Hardened Cave Spider
[00:39:09] [Server thread/INFO] [tombstone]: The last known grave of peptio96 is at location [name:Last Grave, x:-1071, y:69, z:925] in the dimension 0
[00:39:11] [Server thread/INFO] [ebwizardry]: Sending global donation perk settings to peptio96
[00:39:11] [Server thread/INFO] [FML]: Loading dimension 2 (Aliexpress) (net.minecraft.server.dedicated.DedicatedServer@373d2983)
[00:39:11] [Server thread/INFO] [dsurround]: Attaching capabilities to world [TENT] (SERVER)
[00:39:11] [Server thread/INFO] [dsurround]: DimensionInfo{id=2, name=TENT, seaLevel=64, cloudHeight=256, skyHeight=256, haze=false, aurora=true, weather=true, fog=true}
[00:39:11] [Server thread/INFO] [THAUMCRAFT]: Creating aura cache for world 2
[00:39:11] [Server thread/INFO] [dsurround]: Creating STANDARD weather generator for dimension [TENT]
[00:39:11] [Thread-65/INFO] [THAUMCRAFT]: Starting aura thread for dim 2
[00:39:11] [Server thread/INFO] [THAUMCRAFT]: Removing aura cache for world 2
[00:39:11] [Server thread/INFO] [FML]: Unloading dimension 2
[00:39:13] [Thread-65/INFO] [THAUMCRAFT]: Stopping aura thread for dim 2
[00:39:50] [Server thread/INFO] [OpenMods]: openblocks.common.PlayerInventoryStore.onPlayerDeath(PlayerInventoryStore.java:304): Storing post-mortem inventory into C:\Magu\RAD-Serverpack-1.45\.\Aliexpress\data\inventory-ac3po-2021-06-21_00.39.50-death-0.dat. It can be restored with command '/ob_inventory restore ac3po ac3po-2021-06-21_00.39.50-death-0'
[00:39:50] [Server thread/INFO] [net.minecraft.server.dedicated.DedicatedServer]: ac3po fell from a high place
[00:39:50] [Server thread/INFO] [tombstone]: The last known grave of ac3po is at location [name:Last Grave, x:-1068, y:62, z:924] in the dimension 0
[00:39:52] [Server thread/INFO] [ebwizardry]: Sending global donation perk settings to ac3po
[00:39:52] [Server thread/INFO] [FML]: Loading dimension 2 (Aliexpress) (net.minecraft.server.dedicated.DedicatedServer@373d2983)
[00:39:52] [Server thread/INFO] [dsurround]: Attaching capabilities to world [TENT] (SERVER)
[00:39:52] [Server thread/INFO] [dsurround]: DimensionInfo{id=2, name=TENT, seaLevel=64, cloudHeight=256, skyHeight=256, haze=false, aurora=true, weather=true, fog=true}
[00:39:52] [Server thread/INFO] [THAUMCRAFT]: Creating aura cache for world 2
[00:39:52] [Server thread/INFO] [dsurround]: Creating STANDARD weather generator for dimension [TENT]
[00:39:52] [Thread-67/INFO] [THAUMCRAFT]: Starting aura thread for dim 2
[00:39:52] [Server thread/INFO] [THAUMCRAFT]: Removing aura cache for world 2
[00:39:52] [Server thread/INFO] [FML]: Unloading dimension 2
[00:39:54] [Thread-67/INFO] [THAUMCRAFT]: Stopping aura thread for dim 2
[00:39:56] [Server thread/INFO] [ebwizardry]: Synchronising advancements for peptio96
[00:39:56] [Server thread/INFO] [ebwizardry]: Synchronising advancements for peptio96
[00:39:56] [Server thread/INFO] [ebwizardry]: Synchronising advancements for peptio96
[00:40:01] [Server thread/INFO] [OpenMods]: openblocks.common.PlayerInventoryStore.onPlayerDeath(PlayerInventoryStore.java:304): Storing post-mortem inventory into C:\Magu\RAD-Serverpack-1.45\.\Aliexpress\data\inventory-peptio96-2021-06-21_00.40.01-death-0.dat. It can be restored with command '/ob_inventory restore peptio96 peptio96-2021-06-21_00.40.01-death-0'
[00:40:01] [Server thread/INFO] [net.minecraft.server.dedicated.DedicatedServer]: peptio96 was burnt to a crisp whilst fighting Cave Spider
[00:40:01] [Server thread/INFO] [tombstone]: The last known grave of peptio96 is at location [name:Last Grave, x:-1075, y:60, z:929] in the dimension 0
[00:40:04] [Server thread/INFO] [ebwizardry]: Sending global donation perk settings to peptio96
[00:40:04] [Server thread/INFO] [FML]: Loading dimension 2 (Aliexpress) (net.minecraft.server.dedicated.DedicatedServer@373d2983)
[00:40:04] [Server thread/INFO] [dsurround]: Attaching capabilities to world [TENT] (SERVER)
[00:40:04] [Server thread/INFO] [dsurround]: DimensionInfo{id=2, name=TENT, seaLevel=64, cloudHeight=256, skyHeight=256, haze=false, aurora=true, weather=true, fog=true}
[00:40:04] [Server thread/INFO] [THAUMCRAFT]: Creating aura cache for world 2
[00:40:04] [Server thread/INFO] [dsurround]: Creating STANDARD weather generator for dimension [TENT]
[00:40:05] [Thread-69/INFO] [THAUMCRAFT]: Starting aura thread for dim 2
[00:40:05] [Server thread/INFO] [THAUMCRAFT]: Removing aura cache for world 2
[00:40:05] [Server thread/INFO] [FML]: Unloading dimension 2
[00:40:07] [Thread-69/INFO] [THAUMCRAFT]: Stopping aura thread for dim 2
[00:40:21] [Server thread/INFO] [ebwizardry]: Synchronising advancements for ac3po
[00:40:21] [Server thread/INFO] [ebwizardry]: Synchronising advancements for ac3po
[00:40:21] [Server thread/INFO] [ebwizardry]: Synchronising advancements for ac3po
[00:40:38] [Server thread/INFO] [ebwizardry]: Synchronising advancements for ac3po
[00:41:02] [Server thread/INFO] [OpenMods]: openblocks.common.PlayerInventoryStore.onPlayerDeath(PlayerInventoryStore.java:304): Storing post-mortem inventory into C:\Magu\RAD-Serverpack-1.45\.\Aliexpress\data\inventory-ac3po-2021-06-21_00.41.02-death-0.dat. It can be restored with command '/ob_inventory restore ac3po ac3po-2021-06-21_00.41.02-death-0'
[00:41:02] [Server thread/INFO] [net.minecraft.server.dedicated.DedicatedServer]: ac3po was killed by Hardened Cave Spider using magic
[00:41:02] [Server thread/INFO] [tombstone]: The last known grave of ac3po is at location [name:Last Grave, x:-1067, y:69, z:929] in the dimension 0
[00:41:03] [Server thread/INFO] [OpenMods]: openblocks.common.PlayerInventoryStore.onPlayerDeath(PlayerInventoryStore.java:304): Storing post-mortem inventory into C:\Magu\RAD-Serverpack-1.45\.\Aliexpress\data\inventory-peptio96-2021-06-21_00.41.03-death-0.dat. It can be restored with command '/ob_inventory restore peptio96 peptio96-2021-06-21_00.41.03-death-0'
[00:41:03] [Server thread/INFO] [net.minecraft.server.dedicated.DedicatedServer]: peptio96 was burnt to a crisp whilst fighting Zombie
[00:41:03] [Server thread/INFO] [tombstone]: The last known grave of peptio96 is at location [name:Last Grave, x:-1071, y:69, z:926] in the dimension 0
[00:41:05] [Server thread/INFO] [ebwizardry]: Sending global donation perk settings to ac3po
[00:41:05] [Server thread/INFO] [FML]: Loading dimension 2 (Aliexpress) (net.minecraft.server.dedicated.DedicatedServer@373d2983)
[00:41:05] [Server thread/INFO] [dsurround]: Attaching capabilities to world [TENT] (SERVER)
[00:41:05] [Server thread/INFO] [dsurround]: DimensionInfo{id=2, name=TENT, seaLevel=64, cloudHeight=256, skyHeight=256, haze=false, aurora=true, weather=true, fog=true}
[00:41:05] [Server thread/INFO] [THAUMCRAFT]: Creating aura cache for world 2
[00:41:05] [Server thread/INFO] [dsurround]: Creating STANDARD weather generator for dimension [TENT]
[00:41:06] [Thread-71/INFO] [THAUMCRAFT]: Starting aura thread for dim 2
[00:41:06] [Server thread/INFO] [THAUMCRAFT]: Removing aura cache for world 2
[00:41:06] [Server thread/INFO] [FML]: Unloading dimension 2
[00:41:06] [Server thread/INFO] [ebwizardry]: Sending global donation perk settings to peptio96
[00:41:06] [Server thread/INFO] [FML]: Loading dimension 2 (Aliexpress) (net.minecraft.server.dedicated.DedicatedServer@373d2983)
[00:41:06] [Server thread/INFO] [dsurround]: Attaching capabilities to world [TENT] (SERVER)
[00:41:06] [Server thread/INFO] [dsurround]: DimensionInfo{id=2, name=TENT, seaLevel=64, cloudHeight=256, skyHeight=256, haze=false, aurora=true, weather=true, fog=true}
[00:41:06] [Server thread/INFO] [THAUMCRAFT]: Creating aura cache for world 2
[00:41:06] [Server thread/INFO] [dsurround]: Creating STANDARD weather generator for dimension [TENT]
[00:41:06] [Server thread/INFO] [THAUMCRAFT]: Removing aura cache for world 2
[00:41:06] [Server thread/INFO] [FML]: Unloading dimension 2
[00:41:08] [Thread-71/INFO] [THAUMCRAFT]: Stopping aura thread for dim 2
[00:41:33] [Server thread/INFO] [OTG]: Saving structure and pregenerator data.
[00:41:33] [Server thread/INFO] [OTG]: 0 structure data regions saved.
[00:41:33] [Server thread/INFO] [OTG]: Structure and pregenerator data saved.
[00:42:27] [Server thread/INFO] [OpenMods]: openblocks.common.PlayerInventoryStore.onPlayerDeath(PlayerInventoryStore.java:304): Storing post-mortem inventory into C:\Magu\RAD-Serverpack-1.45\.\Aliexpress\data\inventory-ac3po-2021-06-21_00.42.27-death-0.dat. It can be restored with command '/ob_inventory restore ac3po ac3po-2021-06-21_00.42.27-death-0'
[00:42:27] [Server thread/INFO] [net.minecraft.server.dedicated.DedicatedServer]: ac3po was killed by Hardened Cave Spider using magic
[00:42:27] [Server thread/INFO] [tombstone]: The last known grave of ac3po is at location [name:Last Grave, x:-1041, y:63, z:913] in the dimension 0
[00:42:29] [Server thread/INFO] [ebwizardry]: Sending global donation perk settings to ac3po
[00:42:29] [Server thread/INFO] [FML]: Loading dimension 2 (Aliexpress) (net.minecraft.server.dedicated.DedicatedServer@373d2983)
[00:42:29] [Server thread/INFO] [dsurround]: Attaching capabilities to world [TENT] (SERVER)
[00:42:29] [Server thread/INFO] [dsurround]: DimensionInfo{id=2, name=TENT, seaLevel=64, cloudHeight=256, skyHeight=256, haze=false, aurora=true, weather=true, fog=true}
[00:42:29] [Server thread/INFO] [THAUMCRAFT]: Creating aura cache for world 2
[00:42:29] [Server thread/INFO] [dsurround]: Creating STANDARD weather generator for dimension [TENT]
[00:42:29] [Thread-74/INFO] [THAUMCRAFT]: Starting aura thread for dim 2
[00:42:29] [Server thread/INFO] [THAUMCRAFT]: Removing aura cache for world 2
[00:42:29] [Server thread/INFO] [FML]: Unloading dimension 2
[00:42:29] [Server thread/INFO] [net.minecraft.network.NetHandlerPlayServer]: peptio96 lost connection: Disconnected
[00:42:29] [Server thread/INFO] [net.minecraft.server.dedicated.DedicatedServer]: peptio96 left the game
[00:42:31] [Thread-74/INFO] [THAUMCRAFT]: Stopping aura thread for dim 2
[00:42:56] [Server thread/INFO] [net.minecraft.server.dedicated.DedicatedServer]: ac3po has made the advancement [Sweet dreams]
[00:42:56] [Server thread/INFO] [ebwizardry]: Synchronising advancements for ac3po
[00:43:01] [Server thread/INFO] [FML]: Loading dimension 2 (Aliexpress) (net.minecraft.server.dedicated.DedicatedServer@373d2983)
[00:43:01] [Server thread/INFO] [dsurround]: Attaching capabilities to world [TENT] (SERVER)
[00:43:01] [Server thread/INFO] [dsurround]: DimensionInfo{id=2, name=TENT, seaLevel=64, cloudHeight=256, skyHeight=256, haze=false, aurora=true, weather=true, fog=true}
[00:43:01] [Server thread/INFO] [THAUMCRAFT]: Creating aura cache for world 2
[00:43:01] [Server thread/INFO] [dsurround]: Creating STANDARD weather generator for dimension [TENT]
[00:43:01] [Thread-75/INFO] [THAUMCRAFT]: Starting aura thread for dim 2
[00:43:01] [Server thread/INFO] [THAUMCRAFT]: Removing aura cache for world 2
[00:43:01] [Server thread/INFO] [FML]: Unloading dimension 2
[00:43:03] [Thread-75/INFO] [THAUMCRAFT]: Stopping aura thread for dim 2
[00:43:17] [Server thread/INFO] [ebwizardry]: Synchronising advancements for ac3po
[00:43:39] [Server thread/INFO] [ebwizardry]: Synchronising advancements for ac3po
[00:43:39] [Server thread/INFO] [ebwizardry]: Synchronising advancements for ac3po
[00:43:39] [Server thread/INFO] [ebwizardry]: Synchronising advancements for ac3po
[00:43:39] [Server thread/INFO] [ebwizardry]: Synchronising advancements for ac3po
[00:43:39] [Server thread/INFO] [ebwizardry]: Synchronising advancements for ac3po
[00:43:39] [Server thread/INFO] [ebwizardry]: Synchronising advancements for ac3po
[00:43:39] [Server thread/INFO] [ebwizardry]: Synchronising advancements for ac3po
[00:43:39] [Server thread/INFO] [ebwizardry]: Synchronising advancements for ac3po
[00:43:39] [Server thread/INFO] [ebwizardry]: Synchronising advancements for ac3po
[00:43:39] [Server thread/INFO] [ebwizardry]: Synchronising advancements for ac3po
[00:43:39] [Server thread/INFO] [ebwizardry]: Synchronising advancements for ac3po
[00:43:39] [Server thread/INFO] [ebwizardry]: Synchronising advancements for ac3po
[00:43:39] [Server thread/INFO] [ebwizardry]: Synchronising advancements for ac3po
[00:43:39] [Server thread/INFO] [ebwizardry]: Synchronising advancements for ac3po
[00:43:39] [Server thread/INFO] [ebwizardry]: Synchronising advancements for ac3po
[00:43:39] [Server thread/INFO] [ebwizardry]: Synchronising advancements for ac3po
[00:43:39] [Server thread/INFO] [ebwizardry]: Synchronising advancements for ac3po
[00:44:18] [Server thread/INFO] [ebwizardry]: Synchronising advancements for ac3po
[00:44:18] [Server thread/INFO] [ebwizardry]: Synchronising advancements for ac3po
[00:44:18] [Server thread/INFO] [ebwizardry]: Synchronising advancements for ac3po
[00:44:18] [Server thread/INFO] [ebwizardry]: Synchronising advancements for ac3po
[00:44:18] [Server thread/INFO] [ebwizardry]: Synchronising advancements for ac3po
[00:44:18] [Server thread/INFO] [ebwizardry]: Synchronising advancements for ac3po
[00:44:18] [Server thread/INFO] [ebwizardry]: Synchronising advancements for ac3po
[00:44:18] [Server thread/INFO] [ebwizardry]: Synchronising advancements for ac3po
[00:44:18] [Server thread/INFO] [ebwizardry]: Synchronising advancements for ac3po
[00:44:18] [Server thread/INFO] [ebwizardry]: Synchronising advancements for ac3po
[00:44:18] [Server thread/INFO] [ebwizardry]: Synchronising advancements for ac3po
[00:44:18] [Server thread/INFO] [ebwizardry]: Synchronising advancements for ac3po
[00:44:18] [Server thread/INFO] [ebwizardry]: Synchronising advancements for ac3po
[00:44:18] [Server thread/INFO] [ebwizardry]: Synchronising advancements for ac3po
[00:44:18] [Server thread/INFO] [ebwizardry]: Synchronising advancements for ac3po
[00:44:18] [Server thread/INFO] [ebwizardry]: Synchronising advancements for ac3po
[00:44:18] [Server thread/INFO] [ebwizardry]: Synchronising advancements for ac3po
[00:44:18] [Server thread/INFO] [ebwizardry]: Synchronising advancements for ac3po
[00:44:18] [Server thread/INFO] [ebwizardry]: Synchronising advancements for ac3po
[00:44:18] [Server thread/INFO] [ebwizardry]: Synchronising advancements for ac3po
[00:44:18] [Server thread/INFO] [ebwizardry]: Synchronising advancements for ac3po
[00:44:18] [Server thread/INFO] [ebwizardry]: Synchronising advancements for ac3po
[00:44:33] [Server thread/INFO] [OTG]: Saving structure and pregenerator data.
[00:44:33] [Server thread/INFO] [OTG]: 0 structure data regions saved.
[00:44:33] [Server thread/INFO] [OTG]: Structure and pregenerator data saved.
[00:44:59] [Netty Server IO #2/ERROR] [FML]: NetworkDispatcher exception
java.io.IOException: Se ha forzado la interrupción de una conexión existente por el host remoto
	at sun.nio.ch.SocketDispatcher.read0(Native Method) ~[?:1.8.0_281]
	at sun.nio.ch.SocketDispatcher.read(Unknown Source) ~[?:1.8.0_281]
	at sun.nio.ch.IOUtil.readIntoNativeBuffer(Unknown Source) ~[?:1.8.0_281]
	at sun.nio.ch.IOUtil.read(Unknown Source) ~[?:1.8.0_281]
	at sun.nio.ch.SocketChannelImpl.read(Unknown Source) ~[?:1.8.0_281]
	at io.netty.buffer.PooledUnsafeDirectByteBuf.setBytes(PooledUnsafeDirectByteBuf.java:288) ~[minecraft_server.1.12.2.jar:?]
	at io.netty.buffer.AbstractByteBuf.writeBytes(AbstractByteBuf.java:1100) ~[minecraft_server.1.12.2.jar:?]
	at io.netty.channel.socket.nio.NioSocketChannel.doReadBytes(NioSocketChannel.java:372) ~[minecraft_server.1.12.2.jar:?]
	at io.netty.channel.nio.AbstractNioByteChannel$NioByteUnsafe.read(AbstractNioByteChannel.java:123) [minecraft_server.1.12.2.jar:?]
	at io.netty.channel.nio.NioEventLoop.processSelectedKey(NioEventLoop.java:624) [minecraft_server.1.12.2.jar:?]
	at io.netty.channel.nio.NioEventLoop.processSelectedKeysOptimized(NioEventLoop.java:559) [minecraft_server.1.12.2.jar:?]
	at io.netty.channel.nio.NioEventLoop.processSelectedKeys(NioEventLoop.java:476) [minecraft_server.1.12.2.jar:?]
	at io.netty.channel.nio.NioEventLoop.run(NioEventLoop.java:438) [minecraft_server.1.12.2.jar:?]
	at io.netty.util.concurrent.SingleThreadEventExecutor$5.run(SingleThreadEventExecutor.java:858) [minecraft_server.1.12.2.jar:?]
	at java.lang.Thread.run(Unknown Source) [?:1.8.0_281]
[00:44:59] [Server thread/INFO] [net.minecraft.network.NetHandlerPlayServer]: ac3po lost connection: Internal Exception: java.io.IOException: Se ha forzado la interrupción de una conexión existente por el host remoto
[00:44:59] [Server thread/INFO] [net.minecraft.server.dedicated.DedicatedServer]: ac3po left the game
[00:45:19] [Server Shutdown Thread/INFO] [net.minecraft.server.MinecraftServer]: Stopping server
[00:45:19] [Server Shutdown Thread/INFO] [net.minecraft.server.MinecraftServer]: Saving players
[00:45:19] [Server Shutdown Thread/INFO] [net.minecraft.server.MinecraftServer]: Saving worlds
[00:45:19] [Server Shutdown Thread/INFO] [net.minecraft.server.MinecraftServer]: Saving chunks for level 'Aliexpress'/overworld
